-- frame:10: -------------------------------------------------------------------

import pygame as pg


-- frame:11: -------------------------------------------------------------------

pg.init()
pg.quit()


-- frame:12: -------------------------------------------------------------------

tela = pg.display.set_mode((largura, altura))


-- frame:13: -------------------------------------------------------------------

clock = pg.time.Clock()
clock.tick(fps)


-- frame:14: -------------------------------------------------------------------

pg.key.get_pressed()


-- frame:15: -------------------------------------------------------------------

pg.draw.rect(tela, COR,
    (x, y, largura, altura)
  )


-- frame:16: -------------------------------------------------------------------

Pygame.draw.circle(tela, COR, (x, y), raio)


-- frame:17: -------------------------------------------------------------------

pg.display.update()


