-- frame:4: -------------------------------------------------------------------

# SETUP
#...
pontos = 0
font = pg.font.SysFont("Arial", 40, True)


-- frame:5: -------------------------------------------------------------------

# LOOP PRINCIPAL

    texto=font.render(
      f'Pontos: {pontos}',
      True,
      "Black"
    )
    tela.blit(texto, (500,40))


-- frame:6: -------------------------------------------------------------------

# LOOP PRINCIPAL
    if maca.colliderect(cobra):
        pontos +=1


-- frame:10: -------------------------------------------------------------------

# LOOP PRINCIPAL
  key = pg.key.get_pressed()
  if key[pg.K_w]:
    if control_pos.y != velocidade:
      control_pos.y = -velocidade
      control_pos.x = 0
  elif key[pg.K_s]:
    if control_pos.y != -velocidade:
      control_pos.y = velocidade
      control_pos.x = 0
  #...


-- frame:11: -------------------------------------------------------------------

  #...
  elif key[pg.K_a]:
    if control_pos.x != velocidade:
      control_pos.y = 0
      control_pos.x = -velocidade
  elif key[pg.K_d]:
    if control_pos.x != -velocidade:
      control_pos.y = 0
      control_pos.x = velocidade


-- frame:12: -------------------------------------------------------------------

  #...
  if maca.colliderect(cobra):
    tamanho_cobra+=5


-- frame:15: -------------------------------------------------------------------

# SETUP
#...
colisao = pg.mixer.Sound('smw_coin.wav')


-- frame:16: -------------------------------------------------------------------

# LOOP PRINCIPAL
  #if maca.colliderect(cobra):
    colisao.play()


-- frame:19: -------------------------------------------------------------------

# SETUP
#...

verde = "0x78AB2D"       # cor do fundo
verde_cobra = "0x448908" # cor da cobra


-- frame:20: -------------------------------------------------------------------

# LOOP PRINCIPAL
  #...
  tela.fill(verde)
  cobra = pg.draw.rect(
    tela,
    verde_cobra,
    (cobra_pos.x, cobra_pos.y, tam, tam)
  )


-- frame:24: -------------------------------------------------------------------

# SETUP
#...

morte = False


-- frame:25: -------------------------------------------------------------------

# LOOP PRINCIPAL
    #...
    parede1 = pg.draw.line(
      tela,
      "black",
      (0,0),
      (0,altura),
      5
    )
    #...


-- frame:26: -------------------------------------------------------------------

  #...
  parede2 = pg.draw.line(
    tela,
    "black",
    (0,0),
    (largura,0),
    5
  )
  #...


-- frame:27: -------------------------------------------------------------------

  #...
  parede3 = pg.draw.line(
    tela,
    "black",
    (largura,altura),
    (0,altura),
    5
  )
  #...


-- frame:28: -------------------------------------------------------------------

  #...
  parede4 = pg.draw.line(
    tela,
    "black",
    (largura,altura),
    (largura,0),
    5
  )
  #...


-- frame:29: -------------------------------------------------------------------

    #...
    if ( lista_cobra.count(lista_cabeca) > 1 or
         parede1.colliderect(cobra) or
         parede2.colliderect(cobra) or
         parede3.colliderect(cobra) or
         parede4.colliderect(cobra) ):
      morte = True
      while morte:
        texto=font.render('Game over!', True, "Black")
        tela.blit(texto, (250,290))
        pg.display.update()
        #...


-- frame:30: -------------------------------------------------------------------

        #...
        for event in pg.event.get():
          if event.type == pg.QUIT:
            pg.quit()


-- frame:34: -------------------------------------------------------------------

# SETUP
#...
pg.display.set_caption("Snake")
inicio = 1


-- frame:35: -------------------------------------------------------------------

# LOOP PRINCIPAL
  #...
  while inicio:
    texto=font.render(
      'Aperte E para iniciar o jogo',
      True,
      "Black"
    )
    tela.blit(texto, (100,290))
    #...


-- frame:36: -------------------------------------------------------------------

    #...
    for event in pg.event.get():
      if event.type == pg.QUIT:
        pg.quit()

      key = pg.key.get_pressed()
      if key[pg.K_e]:
        inicio = 0


-- frame:40: -------------------------------------------------------------------

    # Dentro da funo de game over...
    #...
    for event in pg.event.get():
        if event.type == pg.QUIT:
            pg.quit()
    key = pg.key.get_pressed()
    if key[pg.K_r]:
        pontos = 0
        tamanho_cobra = 15
        lista_cobra = []
        lista_cabeca = []
        #...


-- frame:41: -------------------------------------------------------------------

      #...
      cobra_pos = pg.Vector2(
        tela.get_width()/2,
        tela.get_height()/2
      )
      control_pos = initial_control
      morte = False
      maca_pos.x = rd.randint(tam,largura-tam)
      maca_pos.y = rd.randint(tam,altura-tam)


