-- frame:13: -------------------------------------------------------------------

      a = 3
      x = 16.89
      nome = 'Luis'


-- frame:13: -------------------------------------------------------------------

      4 == 3
      4 == 2 + 2


-- frame:13: -------------------------------------------------------------------

      x = 1
      x = x + 1


-- frame:16: -------------------------------------------------------------------

def ola_mundo():
  print( 'Ol Mundo!' )


-- frame:17: -------------------------------------------------------------------

    if teste:
      Comandos executados se verdadeiro

    else:
      Comandos executados se falso


-- frame:18: -------------------------------------------------------------------

def verificar_se_eh_par( N ):

  if N % 2 == 0:
    print( N, ' par')

  else:
    print( N, 'no  par')


-- frame:21: -------------------------------------------------------------------

    range( 1, n+1 )


-- frame:22: -------------------------------------------------------------------

def fatorial( n ):

  f = 1

  for k in range( 1, n+1 ):
    f = f * k

  return f


-- frame:24: -------------------------------------------------------------------

import numpy as np

from matplotlib import pyplot as plt


-- frame:26: -------------------------------------------------------------------

  x = [ 1, 2, 5, 6, 7 ]


-- frame:26: -------------------------------------------------------------------

  x = np.linspace( -5, 5, 100 )


-- frame:27: -------------------------------------------------------------------

  plt.plot( [0 1], [0 1] )


