-- frame:5: -------------------------------------------------------------------

print( 2 + 3 )

print( 2 + 3 * 4 )

print( 2 * 3 / 2 * 3 )


-- frame:11: -------------------------------------------------------------------

1 + 2j


-- frame:11: -------------------------------------------------------------------

True
False


-- frame:12: -------------------------------------------------------------------

'Um exemplo de texto'
"Agora usando aspas duplas"

"""Texto com vrias linhas
1 - um
2 - dois
3 - trs
"""


-- frame:14: -------------------------------------------------------------------

a = 3
x = 16.89
nome = "Luis"


-- frame:14: -------------------------------------------------------------------

4 == 3
4 == 2 + 2


-- frame:14: -------------------------------------------------------------------

x = 1
x = x + 1


