-- frame:12: -------------------------------------------------------------------

for numero in range(0, 11):
  print(numero)


-- frame:14: -------------------------------------------------------------------

soma = 0

for numero in range(1, 101):

  soma += numero
  # Equivale a soma = soma + numero

print(soma)


-- frame:15: -------------------------------------------------------------------

for n in range(1, 11):

  v = 7 * n

  print( f" 7 x {n:2d} = {v:2d}")


-- frame:16: -------------------------------------------------------------------

vogais = [ "a", "e", "i", "o", "u" ]

for v in vogais:

  print( v )


-- frame:19: -------------------------------------------------------------------

def fatorial( n ):

  f = 1

  for k in range( 1, n+1 ):
    f = f * k

  return f


-- frame:24: -------------------------------------------------------------------

def fatorial_2( n ):

  f = 1

  while n > 1:
    f = f * n
    n = n - 1

  return f


-- frame:26: -------------------------------------------------------------------

numero = int(input("Digite um numero: "))

fatorial = 1
i = 1

while i <= numero:

  fatorial *= i
  i += 1 # i = i + 1

print(fatorial)


